Build started 2/3/2017 12:15:53 AM.
     1>Project "D:\cplusplus\linear3d\linear3d\linear3d.vcxproj" on node 2 (build target(s)).
     1>InitializeBuildStatus:
         Creating "Debug\linear3d.unsuccessfulbuild" because "AlwaysCreate" was specified.
       ClCompile:
         C:\Program Files\Microsoft Visual Studio 10.0\VC\bin\CL.exe /c /ZI /nologo /W3 /WX- /Od /Oy- /D WIN32 /D _DEBUG /D _CONSOLE /D _UNICODE /D UNICODE /Gm /EHsc /RTC1 /MDd /GS /fp:precise /Zc:wchar_t /Zc:forScope /Fo"Debug\\" /Fd"Debug\vc100.pdb" /Gd /TP /analyze- /errorReport:prompt linear3d.cpp
         linear3d.cpp
       ManifestResourceCompile:
         All outputs are up-to-date.
       Link:
         C:\Program Files\Microsoft Visual Studio 10.0\VC\bin\link.exe /ERRORREPORT:PROMPT /OUT:"D:\cplusplus\linear3d\Debug\linear3d.exe" /INCREMENTAL /NOLOGO kernel32.lib user32.lib gdi32.lib winspool.lib comdlg32.lib advapi32.lib shell32.lib ole32.lib oleaut32.lib uuid.lib odbc32.lib odbccp32.lib /MANIFEST /ManifestFile:"Debug\linear3d.exe.intermediate.manifest" /MANIFESTUAC:"level='asInvoker' uiAccess='false'" /DEBUG /PDB:"D:\cplusplus\linear3d\Debug\linear3d.pdb" /SUBSYSTEM:CONSOLE /TLBID:1 /DYNAMICBASE /NXCOMPAT /IMPLIB:"D:\cplusplus\linear3d\Debug\linear3d.lib" /MACHINE:X86 Debug\linear3d.exe.embed.manifest.res
         Debug\linear3d.obj
         Debug\stdafx.obj
       Manifest:
         C:\Program Files\Microsoft SDKs\Windows\v7.0A\bin\mt.exe /nologo /verbose /out:"Debug\linear3d.exe.embed.manifest" /manifest Debug\linear3d.exe.intermediate.manifest
         All outputs are up-to-date.
       LinkEmbedManifest:
         All outputs are up-to-date.
         linear3d.vcxproj -> D:\cplusplus\linear3d\Debug\linear3d.exe
       FinalizeBuildStatus:
         Deleting file "Debug\linear3d.unsuccessfulbuild".
         Touching "Debug\linear3d.lastbuildstate".
     1>Done Building Project "D:\cplusplus\linear3d\linear3d\linear3d.vcxproj" (build target(s)).

Build succeeded.

Time Elapsed 00:00:02.63
